API server PID: 26382
Nova API server v3 running on http://0.0.0.0:3001
Network: Base Mainnet (eip155:8453)
Price: 0.00001 ETH per query
Payment address: 0xB743fdbA842379933A3774617786712458659D16
Tokens: usdc, dai, weth, cbBTC, dex
Localtunnel PID: 26392
your url is: https://nova-nova-api.loca.lt
Server status: {"status":"ok","service":"Nova Query API v3.0","network":"Base Mainnet","price":"0.00001 ETH/query","uptime":10.079848127,"ts":"2026-04-10T10:43:06.928Z"}Server OK
Tunnel URL saved
/home/sntrblck/.npm/_npx/75ac80b86e83d4a2/node_modules/localtunnel/bin/lt.js:81
    throw err;
    ^

Error: connection refused: localtunnel.me:32233 (check your firewall settings)
    at Socket.<anonymous> (/home/sntrblck/.npm/_npx/75ac80b86e83d4a2/node_modules/localtunnel/lib/TunnelCluster.js:52:11)
    at Socket.emit (node:events:519:28)
    at emitErrorNT (node:internal/streams/destroy:170:8)
    at emitErrorCloseNT (node:internal/streams/destroy:129:3)
    at process.processTicksAndRejections (node:internal/process/task_queues:89:21)

Node.js v22.22.1
